<?xml version="1.0" encoding="UTF-8"?>
<testsuite xmlns:xsi="http://www.w3.org/2001/XMLSchema-instance" xsi:noNamespaceSchemaLocation="https://maven.apache.org/surefire/maven-surefire-plugin/xsd/surefire-test-report-3.0.xsd" version="3.0" name="dk.sdu.se4.collisionsystem.CollisionDetectorTest" time="0.118" tests="3" errors="0" skipped="0" failures="0">
  <properties>
[...]
</properties>
  <testcase name="testNoCollision" classname="dk.sdu.se4.collisionsystem.CollisionDetectorTest" time="0.081"/>
  <testcase name="testTouchingEdgesIsNotCollision" classname="dk.sdu.se4.collisionsystem.CollisionDetectorTest" time="0.002"/>
  <testcase name="testCollisionDetected" classname="dk.sdu.se4.collisionsystem.CollisionDetectorTest" time="0.002"/>
</testsuite>